INFO 2016-11-11 18:51:59,191 [12]  MAF.SolutionByText.Logger - Message sent successfully
INFO 2016-11-11 18:56:48,524 [8]  MAF.SolutionByText.Logger - Message sent successfully
INFO 2016-11-11 18:58:52,547 [8]  MAF.SolutionByText.Logger - Message sent successfully
INFO 2016-11-11 19:09:37,463 [5]  MAF.SolutionByText.Logger - Message sent successfully
INFO 2016-11-14 15:10:27,363 [26]  MAF.SolutionByText.Logger - Successfully generated securitytoken
INFO 2016-11-14 15:10:29,315 [26]  MAF.SolutionByText.Logger - Message sent successfully
INFO 2016-11-14 15:29:08,311 [54]  MAF.SolutionByText.Logger - Message sent successfully
INFO 2016-11-14 15:37:20,640 [26]  MAF.SolutionByText.Logger - Message sent successfully
INFO 2016-11-14 16:40:04,230 [22]  MAF.SolutionByText.Logger - Successfully generated securitytoken
INFO 2016-11-14 16:40:06,165 [22]  MAF.SolutionByText.Logger - Message sent successfully
INFO 2016-11-14 16:40:52,418 [26]  MAF.SolutionByText.Logger - Message sent successfully
INFO 2016-11-14 16:42:11,549 [22]  MAF.SolutionByText.Logger - Message sent successfully
INFO 2016-11-14 16:43:07,083 [19]  MAF.SolutionByText.Logger - Message sent successfully
INFO 2016-11-14 16:44:49,913 [19]  MAF.SolutionByText.Logger - Message sent successfully
INFO 2016-11-14 16:47:17,367 [16]  MAF.SolutionByText.Logger - Message sent successfully
INFO 2016-11-14 16:49:02,443 [15]  MAF.SolutionByText.Logger - Message sent successfully
INFO 2016-11-14 16:50:06,667 [26]  MAF.SolutionByText.Logger - Message sent successfully
INFO 2016-11-14 17:07:04,931 [8]  MAF.SolutionByText.Logger - Message sent successfully
INFO 2016-11-14 17:10:52,263 [9]  MAF.SolutionByText.Logger - Successfully generated securitytoken
INFO 2016-11-14 17:10:54,139 [9]  MAF.SolutionByText.Logger - Message sent successfully
INFO 2016-11-14 17:27:12,341 [11]  MAF.SolutionByText.Logger - Message sent successfully
INFO 2016-11-14 17:28:30,885 [11]  MAF.SolutionByText.Logger - Message sent successfully
INFO 2016-11-14 17:29:45,812 [11]  MAF.SolutionByText.Logger - Message sent successfully
INFO 2016-11-14 17:31:07,615 [23]  MAF.SolutionByText.Logger - Message sent successfully
INFO 2016-11-14 18:11:15,765 [54]  MAF.SolutionByText.Logger - Successfully generated securitytoken
INFO 2016-11-14 18:11:17,644 [54]  MAF.SolutionByText.Logger - Message sent successfully
INFO 2016-11-14 18:12:19,758 [57]  MAF.SolutionByText.Logger - Message sent successfully
INFO 2016-11-14 18:13:33,573 [57]  MAF.SolutionByText.Logger - Message sent successfully
INFO 2016-11-14 18:21:07,808 [8]  MAF.SolutionByText.Logger - Message sent successfully
INFO 2016-11-14 18:22:30,556 [50]  MAF.SolutionByText.Logger - Message sent successfully
INFO 2016-11-14 18:24:40,183 [8]  MAF.SolutionByText.Logger - Message sent successfully
INFO 2016-11-14 18:30:05,868 [18]  MAF.SolutionByText.Logger - Message sent successfully
INFO 2016-11-14 18:42:31,137 [8]  MAF.SolutionByText.Logger - Successfully generated securitytoken
INFO 2016-11-14 18:42:32,657 [8]  MAF.SolutionByText.Logger - Message sent successfully
INFO 2016-11-14 18:44:01,249 [43]  MAF.SolutionByText.Logger - Message sent successfully
INFO 2016-11-14 18:46:02,231 [8]  MAF.SolutionByText.Logger - Message sent successfully
INFO 2016-11-14 18:51:44,986 [48]  MAF.SolutionByText.Logger - Message sent successfully
INFO 2016-11-14 18:54:46,891 [48]  MAF.SolutionByText.Logger - Message sent successfully
INFO 2016-11-14 19:01:02,895 [8]  MAF.SolutionByText.Logger - Message sent successfully
INFO 2016-11-14 19:14:44,831 [9]  MAF.SolutionByText.Logger - Successfully generated securitytoken
INFO 2016-11-14 19:14:46,548 [9]  MAF.SolutionByText.Logger - Message sent successfully
INFO 2016-11-14 19:15:59,455 [9]  MAF.SolutionByText.Logger - Message sent successfully
INFO 2016-11-14 19:29:18,490 [9]  MAF.SolutionByText.Logger - Message sent successfully
INFO 2016-11-14 19:37:50,885 [37]  MAF.SolutionByText.Logger - Message sent successfully
INFO 2016-11-14 22:00:59,418 [9]  MAF.SolutionByText.Logger - Successfully generated securitytoken
INFO 2016-11-14 22:01:01,458 [9]  MAF.SolutionByText.Logger - Resolve carrier executed successfully
INFO 2016-11-14 23:35:47,058 [9]  MAF.SolutionByText.Logger - Successfully generated securitytoken
INFO 2016-11-14 23:35:49,201 [9]  MAF.SolutionByText.Logger - Message sent successfully
INFO 2016-11-15 13:26:32,551 [44]  MAF.SolutionByText.Logger - Successfully generated securitytoken
INFO 2016-11-15 13:26:34,756 [44]  MAF.SolutionByText.Logger - Message sent successfully
INFO 2016-11-15 13:50:13,410 [44]  MAF.SolutionByText.Logger - Message sent successfully
INFO 2016-11-15 15:24:59,405 [9]  MAF.SolutionByText.Logger - Message sent successfully
INFO 2016-11-15 15:32:30,193 [9]  MAF.SolutionByText.Logger - Message sent successfully
INFO 2016-11-15 15:40:31,729 [9]  MAF.SolutionByText.Logger - Message sent successfully
INFO 2016-11-15 15:51:18,221 [26]  MAF.SolutionByText.Logger - Message sent successfully
INFO 2016-11-15 16:02:03,503 [5]  MAF.SolutionByText.Logger - Successfully generated securitytoken
INFO 2016-11-15 16:02:05,981 [5]  MAF.SolutionByText.Logger - Message sent successfully
INFO 2016-11-15 19:56:23,946 [21]  MAF.SolutionByText.Logger - Successfully generated securitytoken
INFO 2016-11-15 19:56:26,514 [21]  MAF.SolutionByText.Logger - Resolve carrier executed successfully
INFO 2016-11-15 19:56:29,035 [21]  MAF.SolutionByText.Logger - Subscriber and Verification Details Inserted Successfully
INFO 2016-11-15 19:57:28,241 [20]  MAF.SolutionByText.Logger - Pin does not exist
INFO 2016-11-15 22:19:37,877 [19]  MAF.SolutionByText.Logger - Successfully generated securitytoken
INFO 2016-11-15 22:19:39,988 [19]  MAF.SolutionByText.Logger - Resolve carrier executed successfully
INFO 2016-11-15 22:19:42,427 [19]  MAF.SolutionByText.Logger - Subscriber and Verification Details Inserted Successfully
INFO 2016-11-15 22:20:06,954 [19]  MAF.SolutionByText.Logger - Pin verified successfully
INFO 2016-11-15 22:20:12,189 [19]  MAF.SolutionByText.Logger - Subscriber information saved successfully
INFO 2016-11-15 23:22:34,450 [45]  MAF.SolutionByText.Logger - Successfully generated securitytoken
INFO 2016-11-15 23:22:36,505 [45]  MAF.SolutionByText.Logger - Message sent successfully
INFO 2016-11-15 23:24:28,135 [19]  MAF.SolutionByText.Logger - Message sent successfully
INFO 2016-11-15 23:33:47,799 [57]  MAF.SolutionByText.Logger - Message sent successfully
INFO 2016-11-16 13:54:11,710 [9]  MAF.SolutionByText.Logger - Successfully generated securitytoken
INFO 2016-11-16 13:54:13,734 [9]  MAF.SolutionByText.Logger - Message sent successfully
INFO 2016-11-16 13:55:36,630 [7]  MAF.SolutionByText.Logger - Message sent successfully
INFO 2016-11-16 13:57:26,921 [7]  MAF.SolutionByText.Logger - Message sent successfully
INFO 2016-11-16 13:59:07,511 [9]  MAF.SolutionByText.Logger - Message sent successfully
INFO 2016-11-16 14:19:16,993 [9]  MAF.SolutionByText.Logger - Message sent successfully
INFO 2016-11-16 14:22:01,906 [22]  MAF.SolutionByText.Logger - Message sent successfully
INFO 2016-11-16 14:26:38,095 [9]  MAF.SolutionByText.Logger - Successfully generated securitytoken
INFO 2016-11-16 14:26:39,986 [9]  MAF.SolutionByText.Logger - Message sent successfully
INFO 2016-11-16 16:14:55,931 [80]  MAF.SolutionByText.Logger - Message sent successfully
INFO 2016-11-16 18:07:06,699 [8]  MAF.SolutionByText.Logger - Successfully generated securitytoken
INFO 2016-11-16 18:07:08,804 [8]  MAF.SolutionByText.Logger - Message sent successfully
INFO 2016-11-16 18:07:27,319 [10]  MAF.SolutionByText.Logger - Message sent successfully
INFO 2016-11-16 18:12:54,440 [8]  MAF.SolutionByText.Logger - Message sent successfully
INFO 2016-11-16 18:13:35,251 [8]  MAF.SolutionByText.Logger - Message sent successfully
INFO 2016-11-16 18:14:21,836 [18]  MAF.SolutionByText.Logger - Message sent successfully
INFO 2016-11-16 18:14:44,044 [8]  MAF.SolutionByText.Logger - Message sent successfully
INFO 2016-11-16 18:17:25,171 [8]  MAF.SolutionByText.Logger - Message sent successfully
INFO 2016-11-16 18:17:42,157 [8]  MAF.SolutionByText.Logger - Message sent successfully
INFO 2016-11-16 18:20:09,661 [8]  MAF.SolutionByText.Logger - Message sent successfully
INFO 2016-11-16 18:20:24,447 [8]  MAF.SolutionByText.Logger - Message sent successfully
INFO 2016-11-16 18:22:52,654 [8]  MAF.SolutionByText.Logger - Message sent successfully
INFO 2016-11-16 18:23:13,097 [25]  MAF.SolutionByText.Logger - Message sent successfully
INFO 2016-11-16 19:45:53,041 [19]  MAF.SolutionByText.Logger - Message sent successfully
INFO 2016-11-17 20:01:04,179 [307]  MAF.SolutionByText.Logger - Successfully generated securitytoken
INFO 2016-11-17 20:01:06,810 [307]  MAF.SolutionByText.Logger - Message sent successfully
INFO 2016-11-17 20:04:32,564 [314]  MAF.SolutionByText.Logger - Message sent successfully
INFO 2016-11-18 20:57:00,983 [8]  MAF.SolutionByText.Logger - Successfully generated securitytoken
INFO 2016-11-18 20:57:02,876 [8]  MAF.SolutionByText.Logger - Message sent successfully
INFO 2016-11-18 20:57:20,995 [9]  MAF.SolutionByText.Logger - Message sent successfully
INFO 2016-11-29 22:01:30,180 [64]  MAF.SolutionByText.Logger - Successfully generated securitytoken
INFO 2016-11-29 22:01:32,086 [64]  MAF.SolutionByText.Logger - Message sent successfully
INFO 2016-11-30 14:06:34,612 [58]  MAF.SolutionByText.Logger - Successfully generated securitytoken
INFO 2016-11-30 14:06:36,421 [58]  MAF.SolutionByText.Logger - Message sent successfully
INFO 2016-11-30 14:17:29,488 [65]  MAF.SolutionByText.Logger - Message sent successfully
INFO 2016-11-30 14:21:25,161 [65]  MAF.SolutionByText.Logger - Message sent successfully
INFO 2016-11-30 14:27:53,981 [59]  MAF.SolutionByText.Logger - Message sent successfully
INFO 2016-12-02 15:42:59,796 [9]  MAF.SolutionByText.Logger - Successfully generated securitytoken
INFO 2016-12-02 15:43:01,287 [9]  MAF.SolutionByText.Logger - Message sent successfully
INFO 2016-12-02 16:02:17,046 [6]  MAF.SolutionByText.Logger - Message sent successfully
INFO 2016-12-02 20:12:39,743 [9]  MAF.SolutionByText.Logger - Successfully generated securitytoken
INFO 2016-12-02 20:12:41,605 [9]  MAF.SolutionByText.Logger - Message sent successfully
INFO 2016-12-02 20:25:33,422 [32]  MAF.SolutionByText.Logger - Message sent successfully
INFO 2016-12-02 21:41:03,395 [98]  MAF.SolutionByText.Logger - Successfully generated securitytoken
INFO 2016-12-02 21:41:05,187 [98]  MAF.SolutionByText.Logger - Message sent successfully
INFO 2016-12-02 21:46:04,597 [102]  MAF.SolutionByText.Logger - Message sent successfully
INFO 2016-12-02 21:51:25,588 [102]  MAF.SolutionByText.Logger - Message sent successfully
INFO 2016-12-05 21:59:03,904 [87]  MAF.SolutionByText.Logger - Successfully generated securitytoken
INFO 2016-12-05 21:59:05,760 [87]  MAF.SolutionByText.Logger - Message sent successfully
INFO 2016-12-05 21:59:15,945 [87]  MAF.SolutionByText.Logger - Message sent successfully
INFO 2016-12-06 19:52:53,698 [103]  MAF.SolutionByText.Logger - Successfully generated securitytoken
INFO 2016-12-06 19:52:55,621 [103]  MAF.SolutionByText.Logger - Message sent successfully
INFO 2016-12-06 19:53:51,038 [99]  MAF.SolutionByText.Logger - Message sent successfully
INFO 2016-12-06 19:54:20,425 [103]  MAF.SolutionByText.Logger - Message sent successfully
INFO 2016-12-06 19:55:39,241 [102]  MAF.SolutionByText.Logger - Message sent successfully
INFO 2016-12-06 20:25:00,840 [9]  MAF.SolutionByText.Logger - Successfully generated securitytoken
INFO 2016-12-06 20:25:02,677 [9]  MAF.SolutionByText.Logger - Message sent successfully
INFO 2016-12-06 21:32:40,741 [81]  MAF.SolutionByText.Logger - Successfully generated securitytoken
INFO 2016-12-06 21:32:42,547 [81]  MAF.SolutionByText.Logger - Message sent successfully
INFO 2016-12-06 21:33:06,753 [82]  MAF.SolutionByText.Logger - Message sent successfully
INFO 2016-12-06 21:45:36,211 [11]  MAF.SolutionByText.Logger - Message sent successfully
INFO 2016-12-06 21:55:41,271 [9]  MAF.SolutionByText.Logger - Message sent successfully
INFO 2016-12-06 21:57:29,423 [9]  MAF.SolutionByText.Logger - Message sent successfully
INFO 2016-12-06 22:00:27,418 [14]  MAF.SolutionByText.Logger - Message sent successfully
INFO 2016-12-06 22:03:08,204 [9]  MAF.SolutionByText.Logger - Message sent successfully
INFO 2016-12-06 22:05:12,699 [9]  MAF.SolutionByText.Logger - Successfully generated securitytoken
INFO 2016-12-06 22:05:14,505 [9]  MAF.SolutionByText.Logger - Message sent successfully
INFO 2016-12-06 22:15:13,904 [10]  MAF.SolutionByText.Logger - Message sent successfully
INFO 2016-12-06 22:17:59,060 [6]  MAF.SolutionByText.Logger - Message sent successfully
INFO 2016-12-06 22:20:44,382 [5]  MAF.SolutionByText.Logger - Message sent successfully
INFO 2016-12-06 22:22:59,469 [5]  MAF.SolutionByText.Logger - Message sent successfully
INFO 2016-12-06 22:23:39,929 [5]  MAF.SolutionByText.Logger - Message sent successfully
INFO 2016-12-06 22:25:57,761 [9]  MAF.SolutionByText.Logger - Message sent successfully
INFO 2016-12-06 22:27:48,759 [9]  MAF.SolutionByText.Logger - Message sent successfully
INFO 2016-12-06 22:28:11,275 [8]  MAF.SolutionByText.Logger - Message sent successfully
INFO 2016-12-06 22:31:27,761 [6]  MAF.SolutionByText.Logger - Message sent successfully
INFO 2016-12-06 22:40:21,879 [19]  MAF.SolutionByText.Logger - Successfully generated securitytoken
INFO 2016-12-06 22:40:23,706 [19]  MAF.SolutionByText.Logger - Message sent successfully
INFO 2016-12-07 11:56:43,140 [49]  MAF.SolutionByText.Logger - Successfully generated securitytoken
INFO 2016-12-07 11:56:44,888 [49]  MAF.SolutionByText.Logger - Message sent successfully
INFO 2016-12-07 12:15:53,284 [49]  MAF.SolutionByText.Logger - Message sent successfully
INFO 2016-12-07 12:59:20,246 [49]  MAF.SolutionByText.Logger - Successfully generated securitytoken
INFO 2016-12-07 12:59:21,993 [49]  MAF.SolutionByText.Logger - Message sent successfully
INFO 2016-12-07 13:43:51,591 [59]  MAF.SolutionByText.Logger - Successfully generated securitytoken
INFO 2016-12-07 13:43:53,320 [59]  MAF.SolutionByText.Logger - Message sent successfully
INFO 2016-12-07 13:46:05,148 [64]  MAF.SolutionByText.Logger - Message sent successfully
INFO 2016-12-07 13:47:21,753 [59]  MAF.SolutionByText.Logger - Message sent successfully
INFO 2016-12-07 13:50:07,381 [66]  MAF.SolutionByText.Logger - Message sent successfully
INFO 2016-12-07 13:50:39,914 [49]  MAF.SolutionByText.Logger - Message sent successfully
INFO 2016-12-07 13:51:46,163 [49]  MAF.SolutionByText.Logger - Message sent successfully
INFO 2016-12-07 13:55:53,133 [66]  MAF.SolutionByText.Logger - Message sent successfully
INFO 2016-12-07 13:56:38,370 [49]  MAF.SolutionByText.Logger - Message sent successfully
INFO 2016-12-07 14:59:16,478 [49]  MAF.SolutionByText.Logger - Successfully generated securitytoken
INFO 2016-12-07 14:59:18,191 [49]  MAF.SolutionByText.Logger - Message sent successfully
INFO 2016-12-07 15:10:28,869 [16]  MAF.SolutionByText.Logger - Message sent successfully
INFO 2016-12-07 15:13:25,774 [49]  MAF.SolutionByText.Logger - Message sent successfully
INFO 2016-12-07 15:15:23,957 [17]  MAF.SolutionByText.Logger - Message sent successfully
INFO 2016-12-07 15:17:22,786 [14]  MAF.SolutionByText.Logger - Message sent successfully
INFO 2016-12-07 15:22:49,394 [23]  MAF.SolutionByText.Logger - Message sent successfully
INFO 2016-12-07 15:26:06,845 [49]  MAF.SolutionByText.Logger - Message sent successfully
INFO 2016-12-07 15:29:23,482 [22]  MAF.SolutionByText.Logger - Message sent successfully
INFO 2016-12-07 15:33:57,857 [17]  MAF.SolutionByText.Logger - Message sent successfully
INFO 2016-12-07 15:38:08,089 [30]  MAF.SolutionByText.Logger - Message sent successfully
INFO 2016-12-07 15:39:22,484 [29]  MAF.SolutionByText.Logger - Message sent successfully
INFO 2016-12-07 15:40:53,965 [28]  MAF.SolutionByText.Logger - Message sent successfully
INFO 2016-12-07 15:55:16,822 [11]  MAF.SolutionByText.Logger - Message sent successfully
INFO 2016-12-07 15:57:47,289 [11]  MAF.SolutionByText.Logger - Message sent successfully
INFO 2016-12-07 16:01:30,551 [9]  MAF.SolutionByText.Logger - Message sent successfully
INFO 2016-12-07 16:02:36,647 [9]  MAF.SolutionByText.Logger - Message sent successfully
INFO 2016-12-07 16:06:23,398 [9]  MAF.SolutionByText.Logger - Successfully generated securitytoken
INFO 2016-12-07 16:06:25,140 [9]  MAF.SolutionByText.Logger - Message sent successfully
INFO 2016-12-07 16:07:31,444 [15]  MAF.SolutionByText.Logger - Message sent successfully
INFO 2016-12-07 16:22:54,616 [11]  MAF.SolutionByText.Logger - Message sent successfully
INFO 2016-12-07 16:23:29,548 [26]  MAF.SolutionByText.Logger - Message sent successfully
INFO 2016-12-07 16:26:09,392 [25]  MAF.SolutionByText.Logger - Message sent successfully
INFO 2016-12-07 16:28:04,917 [27]  MAF.SolutionByText.Logger - Message sent successfully
INFO 2016-12-07 16:29:14,594 [28]  MAF.SolutionByText.Logger - Message sent successfully
INFO 2016-12-07 16:32:38,760 [24]  MAF.SolutionByText.Logger - Message sent successfully
INFO 2016-12-07 16:48:23,268 [8]  MAF.SolutionByText.Logger - Successfully generated securitytoken
INFO 2016-12-07 16:48:25,040 [8]  MAF.SolutionByText.Logger - Message sent successfully
INFO 2016-12-07 16:53:21,226 [31]  MAF.SolutionByText.Logger - Message sent successfully
INFO 2016-12-07 18:45:02,100 [110]  MAF.SolutionByText.Logger - Successfully generated securitytoken
INFO 2016-12-07 18:45:04,130 [110]  MAF.SolutionByText.Logger - Message sent successfully
INFO 2016-12-07 18:47:16,488 [110]  MAF.SolutionByText.Logger - Message sent successfully
INFO 2016-12-07 18:48:48,343 [115]  MAF.SolutionByText.Logger - Message sent successfully
INFO 2016-12-07 19:48:43,749 [22]  MAF.SolutionByText.Logger - Message sent successfully
INFO 2016-12-07 19:53:18,525 [25]  MAF.SolutionByText.Logger - Successfully generated securitytoken
INFO 2016-12-07 19:53:20,234 [25]  MAF.SolutionByText.Logger - Message sent successfully
INFO 2016-12-07 20:06:23,170 [22]  MAF.SolutionByText.Logger - Message sent successfully
INFO 2016-12-07 20:12:54,506 [22]  MAF.SolutionByText.Logger - Message sent successfully
INFO 2016-12-07 20:21:52,562 [19]  MAF.SolutionByText.Logger - Message sent successfully
INFO 2016-12-07 20:22:30,144 [19]  MAF.SolutionByText.Logger - Message sent successfully
INFO 2016-12-07 23:33:17,212 [9]  MAF.SolutionByText.Logger - Successfully generated securitytoken
INFO 2016-12-07 23:33:19,427 [9]  MAF.SolutionByText.Logger - Message sent successfully
INFO 2016-12-07 23:35:02,892 [11]  MAF.SolutionByText.Logger - Message sent successfully
INFO 2016-12-08 15:43:40,149 [13]  MAF.SolutionByText.Logger - Successfully generated securitytoken
INFO 2016-12-08 15:43:42,255 [13]  MAF.SolutionByText.Logger - Message sent successfully
INFO 2016-12-08 15:48:23,141 [17]  MAF.SolutionByText.Logger - Message sent successfully
INFO 2016-12-08 15:55:13,137 [13]  MAF.SolutionByText.Logger - Message sent successfully
INFO 2016-12-08 16:03:17,023 [13]  MAF.SolutionByText.Logger - Message sent successfully
INFO 2016-12-08 16:05:39,702 [27]  MAF.SolutionByText.Logger - Message sent successfully
INFO 2016-12-08 17:05:31,780 [49]  MAF.SolutionByText.Logger - Successfully generated securitytoken
INFO 2016-12-08 17:05:33,499 [49]  MAF.SolutionByText.Logger - Message sent successfully
INFO 2016-12-08 17:06:27,175 [49]  MAF.SolutionByText.Logger - Message sent successfully
INFO 2016-12-08 17:09:56,903 [13]  MAF.SolutionByText.Logger - Message sent successfully
INFO 2016-12-08 17:12:02,221 [49]  MAF.SolutionByText.Logger - Message sent successfully
INFO 2016-12-08 17:15:36,510 [47]  MAF.SolutionByText.Logger - Message sent successfully
INFO 2016-12-08 17:27:40,844 [13]  MAF.SolutionByText.Logger - Message sent successfully
INFO 2016-12-08 17:29:26,061 [42]  MAF.SolutionByText.Logger - Message sent successfully
INFO 2016-12-08 17:35:36,867 [40]  MAF.SolutionByText.Logger - Message sent successfully
INFO 2016-12-08 17:36:43,867 [48]  MAF.SolutionByText.Logger - Successfully generated securitytoken
INFO 2016-12-08 17:36:45,640 [48]  MAF.SolutionByText.Logger - Message sent successfully
INFO 2016-12-08 17:50:32,723 [17]  MAF.SolutionByText.Logger - Message sent successfully
INFO 2016-12-22 22:12:13,118 [7]  MAF.SolutionByText.Logger - Successfully generated securitytoken
INFO 2016-12-22 22:12:15,071 [7]  MAF.SolutionByText.Logger - Message sent successfully
INFO 2016-12-22 22:36:26,408 [8]  MAF.SolutionByText.Logger - Message sent successfully
INFO 2016-12-22 23:30:47,669 [106]  MAF.SolutionByText.Logger - Successfully generated securitytoken
INFO 2016-12-22 23:30:49,169 [106]  MAF.SolutionByText.Logger - Message sent successfully
INFO 2016-12-23 16:16:02,650 [11]  MAF.SolutionByText.Logger - Successfully generated securitytoken
INFO 2016-12-23 16:16:07,682 [11]  MAF.SolutionByText.Logger - Message sent successfully
INFO 2016-12-23 16:17:01,875 [11]  MAF.SolutionByText.Logger - Message sent successfully
